<?xml version="1.0" encoding="UTF-8"?>
<!-- Generated by org.testng.reporters.JUnitXMLReporter -->
<testsuite hostname="DESKTOP-JEV6767" ignored="0" name=" CVS ExtraCareTest" tests="6" failures="1" timestamp="10 Oct 2019 08:47:20 GMT" time="161.741" errors="0">
  <testcase name="verifyExtraCarePageTitleTest" time="1.686" classname="com.cvs.qa.testcases.ExtraCareTest"/>
  <testcase name="verifyExtraCareSignInTest" time="24.514" classname="com.cvs.qa.testcases.ExtraCareTest">
    <skipped/>
  </testcase> <!-- verifyExtraCareSignInTest -->
  <testcase name="verifyExtraCareSignInTest" time="24.554" classname="com.cvs.qa.testcases.ExtraCareTest">
    <skipped/>
  </testcase> <!-- verifyExtraCareSignInTest -->
  <testcase name="verifyExtraCareSignInTest" time="24.665" classname="com.cvs.qa.testcases.ExtraCareTest">
    <skipped/>
  </testcase> <!-- verifyExtraCareSignInTest -->
  <testcase name="verifyExtraCareSignInTest" time="5.507" classname="com.cvs.qa.testcases.ExtraCareTest">
    <failure type="org.openqa.selenium.WebDriverException" message="unknown error: Element &amp;lt;button _ngcontent-c1=&amp;quot;&amp;quot; aria-live=&amp;quot;polite&amp;quot; class=&amp;quot;btn btn-outline-continue twoStep-create-account&amp;quot; role=&amp;quot;status&amp;quot; type=&amp;quot;button&amp;quot; aria-label=&amp;quot;continue, submit email, button&amp;quot;&amp;gt;...&amp;lt;/button&amp;gt; is not clickable at point (797, 395). Other element would receive the click: &amp;lt;p class=&amp;quot;acsNoticeAboutSurvey&amp;quot;&amp;gt;...&amp;lt;/p&amp;gt;
  (Session info: chrome=77.0.3865.90)
  (Driver info: chromedriver=2.42.591088 (7b2b2dca23cca0862f674758c9a3933e685c27d5),platform=Windows NT 10.0.18362 x86_64) (WARNING: The server did not provide any stacktrace information)
Command duration or timeout: 0 milliseconds
Build info: version: &amp;apos;3.14.0&amp;apos;, revision: &amp;apos;aacccce0&amp;apos;, time: &amp;apos;2018-08-02T20:19:58.91Z&amp;apos;
System info: host: &amp;apos;DESKTOP-JEV6767&amp;apos;, ip: &amp;apos;192.168.0.15&amp;apos;, os.name: &amp;apos;Windows 10&amp;apos;, os.arch: &amp;apos;amd64&amp;apos;, os.version: &amp;apos;10.0&amp;apos;, java.version: &amp;apos;1.8.0_171&amp;apos;
Driver info: org.openqa.selenium.chrome.ChromeDriver
Capabilities {acceptInsecureCerts: false, acceptSslCerts: false, applicationCacheEnabled: false, browserConnectionEnabled: false, browserName: chrome, chrome: {chromedriverVersion: 2.42.591088 (7b2b2dca23cca0..., userDataDir: C:\Users\JAVALE~1\AppData\L...}, cssSelectorsEnabled: true, databaseEnabled: false, goog:chromeOptions: {debuggerAddress: localhost:64950}, handlesAlerts: true, hasTouchScreen: false, javascriptEnabled: true, locationContextEnabled: true, mobileEmulationEnabled: false, nativeEvents: true, networkConnectionEnabled: false, pageLoadStrategy: normal, platform: XP, platformName: XP, rotatable: false, setWindowRect: true, takesHeapSnapshot: true, takesScreenshot: true, unexpectedAlertBehaviour: , unhandledPromptBehavior: , version: 77.0.3865.90, webStorageEnabled: true}
Session ID: 6b1e7fb275e900713fd6ff0687195c08">
      <![CDATA[org.openqa.selenium.WebDriverException: unknown error: Element <button _ngcontent-c1="" aria-live="polite" class="btn btn-outline-continue twoStep-create-account" role="status" type="button" aria-label="continue, submit email, button">...</button> is not clickable at point (797, 395). Other element would receive the click: <p class="acsNoticeAboutSurvey">...</p>
  (Session info: chrome=77.0.3865.90)
  (Driver info: chromedriver=2.42.591088 (7b2b2dca23cca0862f674758c9a3933e685c27d5),platform=Windows NT 10.0.18362 x86_64) (WARNING: The server did not provide any stacktrace information)
Command duration or timeout: 0 milliseconds
Build info: version: '3.14.0', revision: 'aacccce0', time: '2018-08-02T20:19:58.91Z'
System info: host: 'DESKTOP-JEV6767', ip: '192.168.0.15', os.name: 'Windows 10', os.arch: 'amd64', os.version: '10.0', java.version: '1.8.0_171'
Driver info: org.openqa.selenium.chrome.ChromeDriver
Capabilities {acceptInsecureCerts: false, acceptSslCerts: false, applicationCacheEnabled: false, browserConnectionEnabled: false, browserName: chrome, chrome: {chromedriverVersion: 2.42.591088 (7b2b2dca23cca0..., userDataDir: C:\Users\JAVALE~1\AppData\L...}, cssSelectorsEnabled: true, databaseEnabled: false, goog:chromeOptions: {debuggerAddress: localhost:64950}, handlesAlerts: true, hasTouchScreen: false, javascriptEnabled: true, locationContextEnabled: true, mobileEmulationEnabled: false, nativeEvents: true, networkConnectionEnabled: false, pageLoadStrategy: normal, platform: XP, platformName: XP, rotatable: false, setWindowRect: true, takesHeapSnapshot: true, takesScreenshot: true, unexpectedAlertBehaviour: , unhandledPromptBehavior: , version: 77.0.3865.90, webStorageEnabled: true}
Session ID: 6b1e7fb275e900713fd6ff0687195c08
at org.openqa.selenium.remote.ErrorHandler.createThrowable(ErrorHandler.java:214)
at org.openqa.selenium.remote.ErrorHandler.throwIfResponseFailed(ErrorHandler.java:166)
at org.openqa.selenium.remote.http.JsonHttpResponseCodec.reconstructValue(JsonHttpResponseCodec.java:40)
at org.openqa.selenium.remote.http.AbstractHttpResponseCodec.decode(AbstractHttpResponseCodec.java:80)
at org.openqa.selenium.remote.http.AbstractHttpResponseCodec.decode(AbstractHttpResponseCodec.java:44)
at org.openqa.selenium.remote.HttpCommandExecutor.execute(HttpCommandExecutor.java:158)
at org.openqa.selenium.remote.service.DriverCommandExecutor.execute(DriverCommandExecutor.java:83)
at org.openqa.selenium.remote.RemoteWebDriver.execute(RemoteWebDriver.java:548)
at org.openqa.selenium.remote.RemoteWebElement.execute(RemoteWebElement.java:276)
at org.openqa.selenium.remote.RemoteWebElement.click(RemoteWebElement.java:83)
at org.openqa.selenium.support.events.EventFiringWebDriver$EventFiringWebElement.lambda$new$0(EventFiringWebDriver.java:403)
at com.sun.proxy.$Proxy13.click(Unknown Source)
at org.openqa.selenium.support.events.EventFiringWebDriver$EventFiringWebElement.click(EventFiringWebDriver.java:416)
at org.openqa.selenium.support.pagefactory.internal.LocatingElementHandler.invoke(LocatingElementHandler.java:51)
at com.sun.proxy.$Proxy12.click(Unknown Source)
at com.cvs.qa.pages.ExtraCare.verifyExtraCareSignIn(ExtraCare.java:54)
at com.cvs.qa.testcases.ExtraCareTest.verifyExtraCareSignInTest(ExtraCareTest.java:36)
... Removed 35 stack frames]]>
    </failure>
  </testcase> <!-- verifyExtraCareSignInTest -->
  <testcase name="verifyExtraCareShoppingCartTest" time="4.342" classname="com.cvs.qa.testcases.ExtraCareTest"/>
</testsuite> <!--  CVS ExtraCareTest -->
